Error 2020-12-03 15:57:02: Jupyter Extension (Error in Failed to update settings.json, method:fixSettingsFile): [EntryNotFound (FileSystemError): Unable to read file 'vscode-remote://ssh-remote+sokrates.edu.jkan.pl/home/201739/.config/Code/User/settings.json' (EntryNotFound (FileSystemError): Error: ENOENT: no such file or directory, open '/home/201739/.config/Code/User/settings.json')
	at _handleError (/home/201739/.vscode-server/bin/e5a624b788d92b8d34d1392e4c4d9789406efe8f/out/vs/server/remoteExtensionHostProcess.js:754:838)
	at processTicksAndRejections (internal/process/task_queues.js:94:5)
	at async m.readFile (/home/201739/.vscode-server/extensions/ms-toolsai.jupyter-2020.11.392013122/out/client/extension.js:49:823892)
	at async g.fixSettingsFile (/home/201739/.vscode-server/extensions/ms-toolsai.jupyter-2020.11.392013122/out/client/extension.js:47:292218)
	at async Promise.all (index 0)
	at async g.updateSettings (/home/201739/.vscode-server/extensions/ms-toolsai.jupyter-2020.11.392013122/out/client/extension.js:47:293938)] {
  code: 'FileNotFound',
  name: 'EntryNotFound (FileSystemError)'
}
Error 2020-12-03 15:57:02: Jupyter Extension (Error in Failed to update settings.json, method:fixSettingsFile): [EntryNotFound (FileSystemError): Unable to read file 'vscode-remote://ssh-remote+sokrates.edu.jkan.pl/home/201739/.vscode/settings.json' (EntryNotFound (FileSystemError): Error: ENOENT: no such file or directory, open '/home/201739/.vscode/settings.json')
	at _handleError (/home/201739/.vscode-server/bin/e5a624b788d92b8d34d1392e4c4d9789406efe8f/out/vs/server/remoteExtensionHostProcess.js:754:838)
	at processTicksAndRejections (internal/process/task_queues.js:94:5)
	at async m.readFile (/home/201739/.vscode-server/extensions/ms-toolsai.jupyter-2020.11.392013122/out/client/extension.js:49:823892)
	at async g.fixSettingsFile (/home/201739/.vscode-server/extensions/ms-toolsai.jupyter-2020.11.392013122/out/client/extension.js:47:292218)
	at async Promise.all (index 1)
	at async g.updateSettings (/home/201739/.vscode-server/extensions/ms-toolsai.jupyter-2020.11.392013122/out/client/extension.js:47:293938)] {
  code: 'FileNotFound',
  name: 'EntryNotFound (FileSystemError)'
}
> /usr/bin/python ~/.vscode-server/extensions/ms-toolsai.jupyter-2020.11.392013122/pythonFiles/pyvsc-run-isolated.py -c "import jupyter"
> /usr/bin/python ~/.vscode-server/extensions/ms-toolsai.jupyter-2020.11.392013122/pythonFiles/pyvsc-run-isolated.py -c "import jupyter"
> /usr/bin/python ~/.vscode-server/extensions/ms-toolsai.jupyter-2020.11.392013122/pythonFiles/pyvsc-run-isolated.py -c "import notebook"
> /usr/bin/python ~/.vscode-server/extensions/ms-toolsai.jupyter-2020.11.392013122/pythonFiles/pyvsc-run-isolated.py -c "import notebook"
