User belongs to experiment group 'ShowPlayIcon - start'
User belongs to experiment group 'DebugAdapterFactory - experiment'
User belongs to experiment group 'PtvsdWheels37 - experiment'
User belongs to experiment group 'UseTerminalToGetActivatedEnvVars - control'
User belongs to experiment group 'LocalZMQKernel - experiment'
User belongs to experiment group 'CollectLSRequestTiming - control'
User belongs to experiment group 'CollectNodeLSRequestTiming - experiment'
User belongs to experiment group 'EnableIPyWidgets - experiment'
User belongs to experiment group 'RunByLine - experiment'
User belongs to experiment group 'CustomEditorSupport - control'
> conda --version
> conda info --json
> pyenv root
> python3.7 ~/.vscode-server/extensions/ms-python.python-2020.11.371526539/pythonFiles/pyvsc-run-isolated.py -c "import sys;print(sys.executable)"
> python3.6 ~/.vscode-server/extensions/ms-python.python-2020.11.371526539/pythonFiles/pyvsc-run-isolated.py -c "import sys;print(sys.executable)"
> python3 ~/.vscode-server/extensions/ms-python.python-2020.11.371526539/pythonFiles/pyvsc-run-isolated.py -c "import sys;print(sys.executable)"
> python2 ~/.vscode-server/extensions/ms-python.python-2020.11.371526539/pythonFiles/pyvsc-run-isolated.py -c "import sys;print(sys.executable)"
> python ~/.vscode-server/extensions/ms-python.python-2020.11.371526539/pythonFiles/pyvsc-run-isolated.py -c "import sys;print(sys.executable)"
> python ~/.vscode-server/extensions/ms-python.python-2020.11.371526539/pythonFiles/pyvsc-run-isolated.py -c "import sys;print(sys.executable)"
> python ~/.vscode-server/extensions/ms-python.python-2020.11.371526539/pythonFiles/pyvsc-run-isolated.py -c "import sys;print(sys.executable)"
> python ~/.vscode-server/extensions/ms-python.python-2020.11.371526539/pythonFiles/pyvsc-run-isolated.py -c "import sys;print(sys.executable)"
> pyenv root
Error 2020-12-03 15:57:17: Failed to check if file needs to be fixed [EntryNotFound (FileSystemError): Unable to read file 'vscode-remote://ssh-remote+sokrates.edu.jkan.pl/home/201739/.config/Code/User/settings.json' (EntryNotFound (FileSystemError): Error: ENOENT: no such file or directory, open '/home/201739/.config/Code/User/settings.json')
	at _handleError (/home/201739/.vscode-server/bin/e5a624b788d92b8d34d1392e4c4d9789406efe8f/out/vs/server/remoteExtensionHostProcess.js:754:838)
	at processTicksAndRejections (internal/process/task_queues.js:94:5)
	at async y.readText (/home/201739/.vscode-server/extensions/ms-python.python-2020.11.371526539/out/client/extension.js:9:152841)
	at async p.doesFileNeedToBeFixed (/home/201739/.vscode-server/extensions/ms-python.python-2020.11.371526539/out/client/extension.js:39:469606)
	at async /home/201739/.vscode-server/extensions/ms-python.python-2020.11.371526539/out/client/extension.js:39:468733
	at async Promise.all (index 0)
	at async p.getFilesToBeFixed (/home/201739/.vscode-server/extensions/ms-python.python-2020.11.371526539/out/client/extension.js:39:468679)
	at async p.updateTestSettings (/home/201739/.vscode-server/extensions/ms-python.python-2020.11.371526539/out/client/extension.js:39:468306)] {
  code: 'FileNotFound',
  name: 'EntryNotFound (FileSystemError)'
}
Error 2020-12-03 15:57:17: Failed to check if file needs to be fixed [EntryNotFound (FileSystemError): Unable to read file 'vscode-remote://ssh-remote+sokrates.edu.jkan.pl/home/201739/.vscode/settings.json' (EntryNotFound (FileSystemError): Error: ENOENT: no such file or directory, open '/home/201739/.vscode/settings.json')
	at _handleError (/home/201739/.vscode-server/bin/e5a624b788d92b8d34d1392e4c4d9789406efe8f/out/vs/server/remoteExtensionHostProcess.js:754:838)
	at processTicksAndRejections (internal/process/task_queues.js:94:5)
	at async y.readText (/home/201739/.vscode-server/extensions/ms-python.python-2020.11.371526539/out/client/extension.js:9:152841)
	at async p.doesFileNeedToBeFixed (/home/201739/.vscode-server/extensions/ms-python.python-2020.11.371526539/out/client/extension.js:39:469606)
	at async /home/201739/.vscode-server/extensions/ms-python.python-2020.11.371526539/out/client/extension.js:39:468733
	at async Promise.all (index 1)
	at async p.getFilesToBeFixed (/home/201739/.vscode-server/extensions/ms-python.python-2020.11.371526539/out/client/extension.js:39:468679)
	at async p.updateTestSettings (/home/201739/.vscode-server/extensions/ms-python.python-2020.11.371526539/out/client/extension.js:39:468306)] {
  code: 'FileNotFound',
  name: 'EntryNotFound (FileSystemError)'
}
Python interpreter path: ./.venv/bin/python3
Starting Jedi Python language engine.
> ~/.venv/bin/python3 ~/.vscode-server/extensions/ms-python.python-2020.11.371526539/pythonFiles/pyvsc-run-isolated.py pylint --disable=all --enable=F,unreachable,duplicate-key,unnecessary-semicolon,global-variable-not-assigned,unused-variable,unused-wildcard-import,binary-op-exception,bad-format-string,anomalous-backslash-in-string,bad-open-mode,E0001,E0011,E0012,E0100,E0101,E0102,E0103,E0104,E0105,E0107,E0108,E0110,E0111,E0112,E0113,E0114,E0115,E0116,E0117,E0118,E0202,E0203,E0211,E0213,E0236,E0237,E0238,E0239,E0240,E0241,E0301,E0302,E0303,E0401,E0402,E0601,E0602,E0603,E0604,E0611,E0632,E0633,E0701,E0702,E0703,E0704,E0710,E0711,E0712,E1003,E1101,E1102,E1111,E1120,E1121,E1123,E1124,E1125,E1126,E1127,E1128,E1129,E1130,E1131,E1132,E1133,E1134,E1135,E1136,E1137,E1138,E1139,E1200,E1201,E1205,E1206,E1300,E1301,E1302,E1303,E1304,E1305,E1306,E1310,E1700,E1701 --msg-template='{line},{column},{category},{symbol}:{msg}' --reports=n --output-format=text ~/student-app/sample-flask-app/app.py
cwd: ~/
> ~/.venv/bin/python3 ~/.vscode-server/extensions/ms-python.python-2020.11.371526539/pythonFiles/pyvsc-run-isolated.py pylint --disable=all --enable=F,unreachable,duplicate-key,unnecessary-semicolon,global-variable-not-assigned,unused-variable,unused-wildcard-import,binary-op-exception,bad-format-string,anomalous-backslash-in-string,bad-open-mode,E0001,E0011,E0012,E0100,E0101,E0102,E0103,E0104,E0105,E0107,E0108,E0110,E0111,E0112,E0113,E0114,E0115,E0116,E0117,E0118,E0202,E0203,E0211,E0213,E0236,E0237,E0238,E0239,E0240,E0241,E0301,E0302,E0303,E0401,E0402,E0601,E0602,E0603,E0604,E0611,E0632,E0633,E0701,E0702,E0703,E0704,E0710,E0711,E0712,E1003,E1101,E1102,E1111,E1120,E1121,E1123,E1124,E1125,E1126,E1127,E1128,E1129,E1130,E1131,E1132,E1133,E1134,E1135,E1136,E1137,E1138,E1139,E1200,E1201,E1205,E1206,E1300,E1301,E1302,E1303,E1304,E1305,E1306,E1310,E1700,E1701 --msg-template='{line},{column},{category},{symbol}:{msg}' --reports=n --output-format=text ~/student-app/sample-flask-app/app.py
cwd: ~/
> ~/.venv/bin/python3 ~/.vscode-server/extensions/ms-python.python-2020.11.371526539/pythonFiles/pyvsc-run-isolated.py -c "import pylint"
> ~/.venv/bin/python3 ~/.vscode-server/extensions/ms-python.python-2020.11.371526539/pythonFiles/pyvsc-run-isolated.py -c "import pylint"
> ~/.venv/bin/python3 ~/.vscode-server/extensions/ms-python.python-2020.11.371526539/pythonFiles/pyvsc-run-isolated.py -c "import pylint"
> ~/.venv/bin/python3 ~/.vscode-server/extensions/ms-python.python-2020.11.371526539/pythonFiles/pyvsc-run-isolated.py -c "import pylint"

Linter 'pylint' is not installed. Please install it or select another linter".
Error: Module 'pylint' not installed.
> conda --version
> ~/.venv/bin/python3 ~/.vscode-server/extensions/ms-python.python-2020.11.371526539/pythonFiles/pyvsc-run-isolated.py -c "import sys;print(sys.prefix)"
cwd: ~/
> ~/.venv/bin/python3 ~/.vscode-server/extensions/ms-python.python-2020.11.371526539/pythonFiles/pyvsc-run-isolated.py -c "import sys;print(sys.prefix)"
cwd: ~/
> ~/.venv/bin/python3 ~/.vscode-server/extensions/ms-python.python-2020.11.371526539/pythonFiles/pyvsc-run-isolated.py -c "import sys;print(sys.executable)"
cwd: ~/
> ~/.venv/bin/python3 ~/.vscode-server/extensions/ms-python.python-2020.11.371526539/pythonFiles/pyvsc-run-isolated.py -c "import sys;print(sys.executable)"
cwd: ~/
> ~/.venv/bin/python3 ~/.vscode-server/extensions/ms-python.python-2020.11.371526539/pythonFiles/pyvsc-run-isolated.py -c "from distutils.sysconfig import get_python_lib; print(get_python_lib())"
cwd: ~/
> ~/.venv/bin/python3 ~/.vscode-server/extensions/ms-python.python-2020.11.371526539/pythonFiles/pyvsc-run-isolated.py -c "from distutils.sysconfig import get_python_lib; print(get_python_lib())"
cwd: ~/
> ~/.venv/bin/python3 ~/.vscode-server/extensions/ms-python.python-2020.11.371526539/pythonFiles/pyvsc-run-isolated.py site --user-site
cwd: ~/
> ~/.venv/bin/python3 ~/.vscode-server/extensions/ms-python.python-2020.11.371526539/pythonFiles/pyvsc-run-isolated.py site --user-site
cwd: ~/
> ~/.venv/bin/python3 ~/.vscode-server/extensions/ms-python.python-2020.11.371526539/pythonFiles/pyvsc-run-isolated.py ~/.vscode-server/extensions/ms-python.python-2020.11.371526539/pythonFiles/completion.py
> ~/.venv/bin/python3 ~/.vscode-server/extensions/ms-python.python-2020.11.371526539/pythonFiles/pyvsc-run-isolated.py ~/.vscode-server/extensions/ms-python.python-2020.11.371526539/pythonFiles/completion.py
Error 2020-12-03 15:57:49: stderr jediProxy Error (stderr) /home/201739/.vscode-server/extensions/ms-python.python-2020.11.371526539/pythonFiles/completion.py:587: DeprecationWarning: Deprecated since version 0.16.0. Use Script(...).get_names instead.
  all_scopes=True,

Error 2020-12-03 15:57:50: stderr jediProxy Error (stderr) /home/201739/.vscode-server/extensions/ms-python.python-2020.11.371526539/pythonFiles/completion.py:598: DeprecationWarning: Providing the line is now done in the functions themselves like `Script(...).complete(line, column)`
  sys_path=sys.path,
/home/201739/.vscode-server/extensions/ms-python.python-2020.11.371526539/pythonFiles/completion.py:598: DeprecationWarning: Providing the column is now done in the functions themselves like `Script(...).complete(line, column)`
  sys_path=sys.path,
/home/201739/.vscode-server/extensions/ms-python.python-2020.11.371526539/pythonFiles/completion.py:598: DeprecationWarning: Use the code keyword argument instead.
  sys_path=sys.path,
/home/201739/.vscode-server/extensions/ms-python.python-2020.11.371526539/pythonFiles/completion.py:598: DeprecationWarning: Deprecated since version 0.17.0. Use the project API instead, which means Script(project=Project(dir, sys_path=sys_path)) instead.
  sys_path=sys.path,

Error 2020-12-03 15:57:50: stderr jediProxy Error (stderr) /home/201739/.vscode-server/extensions/ms-python.python-2020.11.371526539/pythonFiles/completion.py:105: DeprecationWarning: Deprecated since version 0.16.0. Use Script(...).get_signatures instead.
  call_signatures = script.call_signatures()

Error 2020-12-03 15:57:50: stderr jediProxy Error (stderr) /home/201739/.vscode-server/extensions/ms-python.python-2020.11.371526539/pythonFiles/completion.py:230: DeprecationWarning: Deprecated since version 0.16.0. Use Script(...).complete instead.
  completions = script.completions()

Error 2020-12-03 15:57:52: stderr jediProxy Error (stderr) /home/201739/.vscode-server/extensions/ms-python.python-2020.11.371526539/pythonFiles/completion.py:626: DeprecationWarning: Deprecated since version 0.16.0. Use Script(...).infer instead.
  script.goto_definitions(), request["id"]

Error 2020-12-03 16:12:25: stderr jediProxy Error (stderr) /home/201739/.vscode-server/extensions/ms-python.python-2020.11.371526539/pythonFiles/completion.py:144: DeprecationWarning: Deprecated since version 0.16.0. Use Script(...).get_signatures instead.
  call_signatures = script.call_signatures()

Error 2020-12-03 16:13:30: stderr jediProxy Error (stderr) /home/201739/.vscode-server/extensions/ms-python.python-2020.11.371526539/pythonFiles/completion.py:603: DeprecationWarning: Deprecated since version 0.16.0. Use Script(...).goto instead.
  script.goto_assignments(follow_imports=True), request["id"]

Error 2020-12-03 16:14:13: stderr jediProxy Error (stderr) /home/201739/.vscode-server/extensions/ms-python.python-2020.11.371526539/pythonFiles/completion.py:598: DeprecationWarning: Providing the line is now done in the functions themselves like `Script(...).complete(line, column)`
  sys_path=sys.path,
/home/201739/.vscode-server/extensions/ms-python.python-2020.11.371526539/pythonFiles/completion.py:598: DeprecationWarning: Providing the column is now done in the functions themselves like `Script(...).complete(line, column)`
  sys_path=sys.path,
/home/201739/.vscode-server/extensions/ms-python.python-2020.11.371526539/pythonFiles/completion.py:598: DeprecationWarning: Use the code keyword argument instead.
  sys_path=sys.path,
/home/201739/.vscode-server/extensions/ms-python.python-2020.11.371526539/pythonFiles/completion.py:598: DeprecationWarning: Deprecated since version 0.17.0. Use the project API instead, which means Script(project=Project(dir, sys_path=sys_path)) instead.
  sys_path=sys.path,

Error 2020-12-03 16:14:13: stderr jediProxy Error (stderr) /home/201739/.vscode-server/extensions/ms-python.python-2020.11.371526539/pythonFiles/completion.py:144: DeprecationWarning: Deprecated since version 0.16.0. Use Script(...).get_signatures instead.
  call_signatures = script.call_signatures()

Error 2020-12-03 16:14:14: stderr jediProxy Error (stderr) /home/201739/.vscode-server/extensions/ms-python.python-2020.11.371526539/pythonFiles/completion.py:587: DeprecationWarning: Deprecated since version 0.16.0. Use Script(...).get_names instead.
  all_scopes=True,

Error 2020-12-03 16:14:14: stderr jediProxy Error (stderr) /home/201739/.vscode-server/extensions/ms-python.python-2020.11.371526539/pythonFiles/completion.py:598: DeprecationWarning: Providing the line is now done in the functions themselves like `Script(...).complete(line, column)`
  sys_path=sys.path,
/home/201739/.vscode-server/extensions/ms-python.python-2020.11.371526539/pythonFiles/completion.py:598: DeprecationWarning: Providing the column is now done in the functions themselves like `Script(...).complete(line, column)`
  sys_path=sys.path,
/home/201739/.vscode-server/extensions/ms-python.python-2020.11.371526539/pythonFiles/completion.py:598: DeprecationWarning: Use the code keyword argument instead.
  sys_path=sys.path,

Error 2020-12-03 16:14:14: stderr jediProxy Error (stderr) /home/201739/.vscode-server/extensions/ms-python.python-2020.11.371526539/pythonFiles/completion.py:598: DeprecationWarning: Deprecated since version 0.17.0. Use the project API instead, which means Script(project=Project(dir, sys_path=sys_path)) instead.
  sys_path=sys.path,

Error 2020-12-03 16:14:14: stderr jediProxy Error (stderr) /home/201739/.vscode-server/extensions/ms-python.python-2020.11.371526539/pythonFiles/completion.py:144: DeprecationWarning: Deprecated since version 0.16.0. Use Script(...).get_signatures instead.
  call_signatures = script.call_signatures()

Error 2020-12-03 16:14:14: stderr jediProxy Error (stderr) /home/201739/.vscode-server/extensions/ms-python.python-2020.11.371526539/pythonFiles/completion.py:598: DeprecationWarning: Providing the line is now done in the functions themselves like `Script(...).complete(line, column)`
  sys_path=sys.path,
/home/201739/.vscode-server/extensions/ms-python.python-2020.11.371526539/pythonFiles/completion.py:598: DeprecationWarning: Providing the column is now done in the functions themselves like `Script(...).complete(line, column)`
  sys_path=sys.path,

Error 2020-12-03 16:14:14: stderr jediProxy Error (stderr) /home/201739/.vscode-server/extensions/ms-python.python-2020.11.371526539/pythonFiles/completion.py:598: DeprecationWarning: Use the code keyword argument instead.
  sys_path=sys.path,
/home/201739/.vscode-server/extensions/ms-python.python-2020.11.371526539/pythonFiles/completion.py:598: DeprecationWarning: Deprecated since version 0.17.0. Use the project API instead, which means Script(project=Project(dir, sys_path=sys_path)) instead.
  sys_path=sys.path,

Error 2020-12-03 16:14:14: stderr jediProxy Error (stderr) /home/201739/.vscode-server/extensions/ms-python.python-2020.11.371526539/pythonFiles/completion.py:144: DeprecationWarning: Deprecated since version 0.16.0. Use Script(...).get_signatures instead.
  call_signatures = script.call_signatures()

Error 2020-12-03 16:14:17: stderr jediProxy Error (stderr) /home/201739/.vscode-server/extensions/ms-python.python-2020.11.371526539/pythonFiles/completion.py:587: DeprecationWarning: Deprecated since version 0.16.0. Use Script(...).get_names instead.
  all_scopes=True,

Error 2020-12-03 16:14:21: stderr jediProxy Error (stderr) /home/201739/.vscode-server/extensions/ms-python.python-2020.11.371526539/pythonFiles/completion.py:598: DeprecationWarning: Providing the line is now done in the functions themselves like `Script(...).complete(line, column)`
  sys_path=sys.path,
/home/201739/.vscode-server/extensions/ms-python.python-2020.11.371526539/pythonFiles/completion.py:598: DeprecationWarning: Providing the column is now done in the functions themselves like `Script(...).complete(line, column)`
  sys_path=sys.path,

Error 2020-12-03 16:14:21: stderr jediProxy Error (stderr) /home/201739/.vscode-server/extensions/ms-python.python-2020.11.371526539/pythonFiles/completion.py:598: DeprecationWarning: Use the code keyword argument instead.
  sys_path=sys.path,
/home/201739/.vscode-server/extensions/ms-python.python-2020.11.371526539/pythonFiles/completion.py:598: DeprecationWarning: Deprecated since version 0.17.0. Use the project API instead, which means Script(project=Project(dir, sys_path=sys_path)) instead.
  sys_path=sys.path,

Error 2020-12-03 16:14:21: stderr jediProxy Error (stderr) /home/201739/.vscode-server/extensions/ms-python.python-2020.11.371526539/pythonFiles/completion.py:144: DeprecationWarning: Deprecated since version 0.16.0. Use Script(...).get_signatures instead.
  call_signatures = script.call_signatures()

Error 2020-12-03 16:14:22: stderr jediProxy Error (stderr) /home/201739/.vscode-server/extensions/ms-python.python-2020.11.371526539/pythonFiles/completion.py:587: DeprecationWarning: Deprecated since version 0.16.0. Use Script(...).get_names instead.
  all_scopes=True,

Error 2020-12-03 16:14:33: stderr jediProxy Error (stderr) /home/201739/.vscode-server/extensions/ms-python.python-2020.11.371526539/pythonFiles/completion.py:105: DeprecationWarning: Deprecated since version 0.16.0. Use Script(...).get_signatures instead.
  call_signatures = script.call_signatures()

Error 2020-12-03 16:14:33: stderr jediProxy Error (stderr) /home/201739/.vscode-server/extensions/ms-python.python-2020.11.371526539/pythonFiles/completion.py:230: DeprecationWarning: Deprecated since version 0.16.0. Use Script(...).complete instead.
  completions = script.completions()

Error 2020-12-03 16:14:33: stderr jediProxy Error (stderr) /home/201739/.vscode-server/extensions/ms-python.python-2020.11.371526539/pythonFiles/completion.py:626: DeprecationWarning: Deprecated since version 0.16.0. Use Script(...).infer instead.
  script.goto_definitions(), request["id"]

Error 2020-12-03 16:15:12: stderr jediProxy Error (stderr) /home/201739/.vscode-server/extensions/ms-python.python-2020.11.371526539/pythonFiles/completion.py:598: DeprecationWarning: Providing the line is now done in the functions themselves like `Script(...).complete(line, column)`
  sys_path=sys.path,
/home/201739/.vscode-server/extensions/ms-python.python-2020.11.371526539/pythonFiles/completion.py:598: DeprecationWarning: Providing the column is now done in the functions themselves like `Script(...).complete(line, column)`
  sys_path=sys.path,

Error 2020-12-03 16:15:12: stderr jediProxy Error (stderr) /home/201739/.vscode-server/extensions/ms-python.python-2020.11.371526539/pythonFiles/completion.py:598: DeprecationWarning: Use the code keyword argument instead.
  sys_path=sys.path,
/home/201739/.vscode-server/extensions/ms-python.python-2020.11.371526539/pythonFiles/completion.py:598: DeprecationWarning: Deprecated since version 0.17.0. Use the project API instead, which means Script(project=Project(dir, sys_path=sys_path)) instead.
  sys_path=sys.path,

Error 2020-12-03 16:15:12: stderr jediProxy Error (stderr) /home/201739/.vscode-server/extensions/ms-python.python-2020.11.371526539/pythonFiles/completion.py:144: DeprecationWarning: Deprecated since version 0.16.0. Use Script(...).get_signatures instead.
  call_signatures = script.call_signatures()

Error 2020-12-03 16:15:13: stderr jediProxy Error (stderr) /home/201739/.vscode-server/extensions/ms-python.python-2020.11.371526539/pythonFiles/completion.py:587: DeprecationWarning: Deprecated since version 0.16.0. Use Script(...).get_names instead.
  all_scopes=True,

Error 2020-12-03 16:15:17: stderr jediProxy Error (stderr) /home/201739/.vscode-server/extensions/ms-python.python-2020.11.371526539/pythonFiles/completion.py:598: DeprecationWarning: Providing the line is now done in the functions themselves like `Script(...).complete(line, column)`
  sys_path=sys.path,
/home/201739/.vscode-server/extensions/ms-python.python-2020.11.371526539/pythonFiles/completion.py:598: DeprecationWarning: Providing the column is now done in the functions themselves like `Script(...).complete(line, column)`
  sys_path=sys.path,
/home/201739/.vscode-server/extensions/ms-python.python-2020.11.371526539/pythonFiles/completion.py:598: DeprecationWarning: Use the code keyword argument instead.
  sys_path=sys.path,

Error 2020-12-03 16:15:17: stderr jediProxy Error (stderr) /home/201739/.vscode-server/extensions/ms-python.python-2020.11.371526539/pythonFiles/completion.py:598: DeprecationWarning: Deprecated since version 0.17.0. Use the project API instead, which means Script(project=Project(dir, sys_path=sys_path)) instead.
  sys_path=sys.path,

Error 2020-12-03 16:15:17: stderr jediProxy Error (stderr) /home/201739/.vscode-server/extensions/ms-python.python-2020.11.371526539/pythonFiles/completion.py:144: DeprecationWarning: Deprecated since version 0.16.0. Use Script(...).get_signatures instead.
  call_signatures = script.call_signatures()

Error 2020-12-03 16:15:19: stderr jediProxy Error (stderr) /home/201739/.vscode-server/extensions/ms-python.python-2020.11.371526539/pythonFiles/completion.py:587: DeprecationWarning: Deprecated since version 0.16.0. Use Script(...).get_names instead.
  all_scopes=True,

Error 2020-12-03 16:15:22: stderr jediProxy Error (stderr) /home/201739/.vscode-server/extensions/ms-python.python-2020.11.371526539/pythonFiles/completion.py:598: DeprecationWarning: Providing the line is now done in the functions themselves like `Script(...).complete(line, column)`
  sys_path=sys.path,
/home/201739/.vscode-server/extensions/ms-python.python-2020.11.371526539/pythonFiles/completion.py:598: DeprecationWarning: Providing the column is now done in the functions themselves like `Script(...).complete(line, column)`
  sys_path=sys.path,
/home/201739/.vscode-server/extensions/ms-python.python-2020.11.371526539/pythonFiles/completion.py:598: DeprecationWarning: Use the code keyword argument instead.
  sys_path=sys.path,
/home/201739/.vscode-server/extensions/ms-python.python-2020.11.371526539/pythonFiles/completion.py:598: DeprecationWarning: Deprecated since version 0.17.0. Use the project API instead, which means Script(project=Project(dir, sys_path=sys_path)) instead.
  sys_path=sys.path,

Error 2020-12-03 16:15:22: stderr jediProxy Error (stderr) /home/201739/.vscode-server/extensions/ms-python.python-2020.11.371526539/pythonFiles/completion.py:144: DeprecationWarning: Deprecated since version 0.16.0. Use Script(...).get_signatures instead.
  call_signatures = script.call_signatures()

Error 2020-12-03 16:15:24: stderr jediProxy Error (stderr) /home/201739/.vscode-server/extensions/ms-python.python-2020.11.371526539/pythonFiles/completion.py:587: DeprecationWarning: Deprecated since version 0.16.0. Use Script(...).get_names instead.
  all_scopes=True,

> ~/.venv/bin/python3 ~/.vscode-server/extensions/ms-python.python-2020.11.371526539/pythonFiles/pyvsc-run-isolated.py pylint --disable=all --enable=F,unreachable,duplicate-key,unnecessary-semicolon,global-variable-not-assigned,unused-variable,unused-wildcard-import,binary-op-exception,bad-format-string,anomalous-backslash-in-string,bad-open-mode,E0001,E0011,E0012,E0100,E0101,E0102,E0103,E0104,E0105,E0107,E0108,E0110,E0111,E0112,E0113,E0114,E0115,E0116,E0117,E0118,E0202,E0203,E0211,E0213,E0236,E0237,E0238,E0239,E0240,E0241,E0301,E0302,E0303,E0401,E0402,E0601,E0602,E0603,E0604,E0611,E0632,E0633,E0701,E0702,E0703,E0704,E0710,E0711,E0712,E1003,E1101,E1102,E1111,E1120,E1121,E1123,E1124,E1125,E1126,E1127,E1128,E1129,E1130,E1131,E1132,E1133,E1134,E1135,E1136,E1137,E1138,E1139,E1200,E1201,E1205,E1206,E1300,E1301,E1302,E1303,E1304,E1305,E1306,E1310,E1700,E1701 --msg-template='{line},{column},{category},{symbol}:{msg}' --reports=n --output-format=text ~/student-app/sample-flask-app/app.py
cwd: ~/
> ~/.venv/bin/python3 ~/.vscode-server/extensions/ms-python.python-2020.11.371526539/pythonFiles/pyvsc-run-isolated.py pylint --disable=all --enable=F,unreachable,duplicate-key,unnecessary-semicolon,global-variable-not-assigned,unused-variable,unused-wildcard-import,binary-op-exception,bad-format-string,anomalous-backslash-in-string,bad-open-mode,E0001,E0011,E0012,E0100,E0101,E0102,E0103,E0104,E0105,E0107,E0108,E0110,E0111,E0112,E0113,E0114,E0115,E0116,E0117,E0118,E0202,E0203,E0211,E0213,E0236,E0237,E0238,E0239,E0240,E0241,E0301,E0302,E0303,E0401,E0402,E0601,E0602,E0603,E0604,E0611,E0632,E0633,E0701,E0702,E0703,E0704,E0710,E0711,E0712,E1003,E1101,E1102,E1111,E1120,E1121,E1123,E1124,E1125,E1126,E1127,E1128,E1129,E1130,E1131,E1132,E1133,E1134,E1135,E1136,E1137,E1138,E1139,E1200,E1201,E1205,E1206,E1300,E1301,E1302,E1303,E1304,E1305,E1306,E1310,E1700,E1701 --msg-template='{line},{column},{category},{symbol}:{msg}' --reports=n --output-format=text ~/student-app/sample-flask-app/app.py
cwd: ~/
> ~/.venv/bin/python3 ~/.vscode-server/extensions/ms-python.python-2020.11.371526539/pythonFiles/pyvsc-run-isolated.py -c "import pylint"
> ~/.venv/bin/python3 ~/.vscode-server/extensions/ms-python.python-2020.11.371526539/pythonFiles/pyvsc-run-isolated.py -c "import pylint"
> ~/.venv/bin/python3 ~/.vscode-server/extensions/ms-python.python-2020.11.371526539/pythonFiles/pyvsc-run-isolated.py -c "import pylint"
> ~/.venv/bin/python3 ~/.vscode-server/extensions/ms-python.python-2020.11.371526539/pythonFiles/pyvsc-run-isolated.py -c "import pylint"

Linter 'pylint' is not installed. Please install it or select another linter".
Error: Module 'pylint' not installed.
> ~/.venv/bin/python3 ~/.vscode-server/extensions/ms-python.python-2020.11.371526539/pythonFiles/pyvsc-run-isolated.py pylint --disable=all --enable=F,unreachable,duplicate-key,unnecessary-semicolon,global-variable-not-assigned,unused-variable,unused-wildcard-import,binary-op-exception,bad-format-string,anomalous-backslash-in-string,bad-open-mode,E0001,E0011,E0012,E0100,E0101,E0102,E0103,E0104,E0105,E0107,E0108,E0110,E0111,E0112,E0113,E0114,E0115,E0116,E0117,E0118,E0202,E0203,E0211,E0213,E0236,E0237,E0238,E0239,E0240,E0241,E0301,E0302,E0303,E0401,E0402,E0601,E0602,E0603,E0604,E0611,E0632,E0633,E0701,E0702,E0703,E0704,E0710,E0711,E0712,E1003,E1101,E1102,E1111,E1120,E1121,E1123,E1124,E1125,E1126,E1127,E1128,E1129,E1130,E1131,E1132,E1133,E1134,E1135,E1136,E1137,E1138,E1139,E1200,E1201,E1205,E1206,E1300,E1301,E1302,E1303,E1304,E1305,E1306,E1310,E1700,E1701 --msg-template='{line},{column},{category},{symbol}:{msg}' --reports=n --output-format=text ~/student-app/sample-flask-app/app.py
cwd: ~/
> ~/.venv/bin/python3 ~/.vscode-server/extensions/ms-python.python-2020.11.371526539/pythonFiles/pyvsc-run-isolated.py pylint --disable=all --enable=F,unreachable,duplicate-key,unnecessary-semicolon,global-variable-not-assigned,unused-variable,unused-wildcard-import,binary-op-exception,bad-format-string,anomalous-backslash-in-string,bad-open-mode,E0001,E0011,E0012,E0100,E0101,E0102,E0103,E0104,E0105,E0107,E0108,E0110,E0111,E0112,E0113,E0114,E0115,E0116,E0117,E0118,E0202,E0203,E0211,E0213,E0236,E0237,E0238,E0239,E0240,E0241,E0301,E0302,E0303,E0401,E0402,E0601,E0602,E0603,E0604,E0611,E0632,E0633,E0701,E0702,E0703,E0704,E0710,E0711,E0712,E1003,E1101,E1102,E1111,E1120,E1121,E1123,E1124,E1125,E1126,E1127,E1128,E1129,E1130,E1131,E1132,E1133,E1134,E1135,E1136,E1137,E1138,E1139,E1200,E1201,E1205,E1206,E1300,E1301,E1302,E1303,E1304,E1305,E1306,E1310,E1700,E1701 --msg-template='{line},{column},{category},{symbol}:{msg}' --reports=n --output-format=text ~/student-app/sample-flask-app/app.py
cwd: ~/
> ~/.venv/bin/python3 ~/.vscode-server/extensions/ms-python.python-2020.11.371526539/pythonFiles/pyvsc-run-isolated.py -c "import pylint"
> ~/.venv/bin/python3 ~/.vscode-server/extensions/ms-python.python-2020.11.371526539/pythonFiles/pyvsc-run-isolated.py -c "import pylint"
> ~/.venv/bin/python3 ~/.vscode-server/extensions/ms-python.python-2020.11.371526539/pythonFiles/pyvsc-run-isolated.py -c "import pylint"
> ~/.venv/bin/python3 ~/.vscode-server/extensions/ms-python.python-2020.11.371526539/pythonFiles/pyvsc-run-isolated.py -c "import pylint"

Linter 'pylint' is not installed. Please install it or select another linter".
Error: Module 'pylint' not installed.
Error 2020-12-03 16:15:42: stderr jediProxy Error (stderr) /home/201739/.vscode-server/extensions/ms-python.python-2020.11.371526539/pythonFiles/completion.py:105: DeprecationWarning: Deprecated since version 0.16.0. Use Script(...).get_signatures instead.
  call_signatures = script.call_signatures()

Error 2020-12-03 16:15:42: stderr jediProxy Error (stderr) /home/201739/.vscode-server/extensions/ms-python.python-2020.11.371526539/pythonFiles/completion.py:230: DeprecationWarning: Deprecated since version 0.16.0. Use Script(...).complete instead.
  completions = script.completions()

Error 2020-12-03 16:15:42: stderr jediProxy Error (stderr) /home/201739/.vscode-server/extensions/ms-python.python-2020.11.371526539/pythonFiles/completion.py:626: DeprecationWarning: Deprecated since version 0.16.0. Use Script(...).infer instead.
  script.goto_definitions(), request["id"]

> ~/.venv/bin/python3 ~/.vscode-server/extensions/ms-python.python-2020.11.371526539/pythonFiles/pyvsc-run-isolated.py pylint --disable=all --enable=F,unreachable,duplicate-key,unnecessary-semicolon,global-variable-not-assigned,unused-variable,unused-wildcard-import,binary-op-exception,bad-format-string,anomalous-backslash-in-string,bad-open-mode,E0001,E0011,E0012,E0100,E0101,E0102,E0103,E0104,E0105,E0107,E0108,E0110,E0111,E0112,E0113,E0114,E0115,E0116,E0117,E0118,E0202,E0203,E0211,E0213,E0236,E0237,E0238,E0239,E0240,E0241,E0301,E0302,E0303,E0401,E0402,E0601,E0602,E0603,E0604,E0611,E0632,E0633,E0701,E0702,E0703,E0704,E0710,E0711,E0712,E1003,E1101,E1102,E1111,E1120,E1121,E1123,E1124,E1125,E1126,E1127,E1128,E1129,E1130,E1131,E1132,E1133,E1134,E1135,E1136,E1137,E1138,E1139,E1200,E1201,E1205,E1206,E1300,E1301,E1302,E1303,E1304,E1305,E1306,E1310,E1700,E1701 --msg-template='{line},{column},{category},{symbol}:{msg}' --reports=n --output-format=text ~/student-app/sample-flask-app/app.py
cwd: ~/
> ~/.venv/bin/python3 ~/.vscode-server/extensions/ms-python.python-2020.11.371526539/pythonFiles/pyvsc-run-isolated.py pylint --disable=all --enable=F,unreachable,duplicate-key,unnecessary-semicolon,global-variable-not-assigned,unused-variable,unused-wildcard-import,binary-op-exception,bad-format-string,anomalous-backslash-in-string,bad-open-mode,E0001,E0011,E0012,E0100,E0101,E0102,E0103,E0104,E0105,E0107,E0108,E0110,E0111,E0112,E0113,E0114,E0115,E0116,E0117,E0118,E0202,E0203,E0211,E0213,E0236,E0237,E0238,E0239,E0240,E0241,E0301,E0302,E0303,E0401,E0402,E0601,E0602,E0603,E0604,E0611,E0632,E0633,E0701,E0702,E0703,E0704,E0710,E0711,E0712,E1003,E1101,E1102,E1111,E1120,E1121,E1123,E1124,E1125,E1126,E1127,E1128,E1129,E1130,E1131,E1132,E1133,E1134,E1135,E1136,E1137,E1138,E1139,E1200,E1201,E1205,E1206,E1300,E1301,E1302,E1303,E1304,E1305,E1306,E1310,E1700,E1701 --msg-template='{line},{column},{category},{symbol}:{msg}' --reports=n --output-format=text ~/student-app/sample-flask-app/app.py
cwd: ~/
> ~/.venv/bin/python3 ~/.vscode-server/extensions/ms-python.python-2020.11.371526539/pythonFiles/pyvsc-run-isolated.py -c "import pylint"
> ~/.venv/bin/python3 ~/.vscode-server/extensions/ms-python.python-2020.11.371526539/pythonFiles/pyvsc-run-isolated.py -c "import pylint"
> ~/.venv/bin/python3 ~/.vscode-server/extensions/ms-python.python-2020.11.371526539/pythonFiles/pyvsc-run-isolated.py -c "import pylint"
> ~/.venv/bin/python3 ~/.vscode-server/extensions/ms-python.python-2020.11.371526539/pythonFiles/pyvsc-run-isolated.py -c "import pylint"

Linter 'pylint' is not installed. Please install it or select another linter".
Error: Module 'pylint' not installed.
> ~/.venv/bin/python3 ~/.vscode-server/extensions/ms-python.python-2020.11.371526539/pythonFiles/pyvsc-run-isolated.py pylint --disable=all --enable=F,unreachable,duplicate-key,unnecessary-semicolon,global-variable-not-assigned,unused-variable,unused-wildcard-import,binary-op-exception,bad-format-string,anomalous-backslash-in-string,bad-open-mode,E0001,E0011,E0012,E0100,E0101,E0102,E0103,E0104,E0105,E0107,E0108,E0110,E0111,E0112,E0113,E0114,E0115,E0116,E0117,E0118,E0202,E0203,E0211,E0213,E0236,E0237,E0238,E0239,E0240,E0241,E0301,E0302,E0303,E0401,E0402,E0601,E0602,E0603,E0604,E0611,E0632,E0633,E0701,E0702,E0703,E0704,E0710,E0711,E0712,E1003,E1101,E1102,E1111,E1120,E1121,E1123,E1124,E1125,E1126,E1127,E1128,E1129,E1130,E1131,E1132,E1133,E1134,E1135,E1136,E1137,E1138,E1139,E1200,E1201,E1205,E1206,E1300,E1301,E1302,E1303,E1304,E1305,E1306,E1310,E1700,E1701 --msg-template='{line},{column},{category},{symbol}:{msg}' --reports=n --output-format=text ~/student-app/sample-flask-app/app.py
cwd: ~/
> ~/.venv/bin/python3 ~/.vscode-server/extensions/ms-python.python-2020.11.371526539/pythonFiles/pyvsc-run-isolated.py pylint --disable=all --enable=F,unreachable,duplicate-key,unnecessary-semicolon,global-variable-not-assigned,unused-variable,unused-wildcard-import,binary-op-exception,bad-format-string,anomalous-backslash-in-string,bad-open-mode,E0001,E0011,E0012,E0100,E0101,E0102,E0103,E0104,E0105,E0107,E0108,E0110,E0111,E0112,E0113,E0114,E0115,E0116,E0117,E0118,E0202,E0203,E0211,E0213,E0236,E0237,E0238,E0239,E0240,E0241,E0301,E0302,E0303,E0401,E0402,E0601,E0602,E0603,E0604,E0611,E0632,E0633,E0701,E0702,E0703,E0704,E0710,E0711,E0712,E1003,E1101,E1102,E1111,E1120,E1121,E1123,E1124,E1125,E1126,E1127,E1128,E1129,E1130,E1131,E1132,E1133,E1134,E1135,E1136,E1137,E1138,E1139,E1200,E1201,E1205,E1206,E1300,E1301,E1302,E1303,E1304,E1305,E1306,E1310,E1700,E1701 --msg-template='{line},{column},{category},{symbol}:{msg}' --reports=n --output-format=text ~/student-app/sample-flask-app/app.py
cwd: ~/
> ~/.venv/bin/python3 ~/.vscode-server/extensions/ms-python.python-2020.11.371526539/pythonFiles/pyvsc-run-isolated.py -c "import pylint"
> ~/.venv/bin/python3 ~/.vscode-server/extensions/ms-python.python-2020.11.371526539/pythonFiles/pyvsc-run-isolated.py -c "import pylint"
> ~/.venv/bin/python3 ~/.vscode-server/extensions/ms-python.python-2020.11.371526539/pythonFiles/pyvsc-run-isolated.py -c "import pylint"
> ~/.venv/bin/python3 ~/.vscode-server/extensions/ms-python.python-2020.11.371526539/pythonFiles/pyvsc-run-isolated.py -c "import pylint"

Linter 'pylint' is not installed. Please install it or select another linter".
Error: Module 'pylint' not installed.
> ~/.venv/bin/python3 ~/.vscode-server/extensions/ms-python.python-2020.11.371526539/pythonFiles/pyvsc-run-isolated.py pylint --disable=all --enable=F,unreachable,duplicate-key,unnecessary-semicolon,global-variable-not-assigned,unused-variable,unused-wildcard-import,binary-op-exception,bad-format-string,anomalous-backslash-in-string,bad-open-mode,E0001,E0011,E0012,E0100,E0101,E0102,E0103,E0104,E0105,E0107,E0108,E0110,E0111,E0112,E0113,E0114,E0115,E0116,E0117,E0118,E0202,E0203,E0211,E0213,E0236,E0237,E0238,E0239,E0240,E0241,E0301,E0302,E0303,E0401,E0402,E0601,E0602,E0603,E0604,E0611,E0632,E0633,E0701,E0702,E0703,E0704,E0710,E0711,E0712,E1003,E1101,E1102,E1111,E1120,E1121,E1123,E1124,E1125,E1126,E1127,E1128,E1129,E1130,E1131,E1132,E1133,E1134,E1135,E1136,E1137,E1138,E1139,E1200,E1201,E1205,E1206,E1300,E1301,E1302,E1303,E1304,E1305,E1306,E1310,E1700,E1701 --msg-template='{line},{column},{category},{symbol}:{msg}' --reports=n --output-format=text ~/shop-install/sample-flask-app/app.py
cwd: ~/
> ~/.venv/bin/python3 ~/.vscode-server/extensions/ms-python.python-2020.11.371526539/pythonFiles/pyvsc-run-isolated.py pylint --disable=all --enable=F,unreachable,duplicate-key,unnecessary-semicolon,global-variable-not-assigned,unused-variable,unused-wildcard-import,binary-op-exception,bad-format-string,anomalous-backslash-in-string,bad-open-mode,E0001,E0011,E0012,E0100,E0101,E0102,E0103,E0104,E0105,E0107,E0108,E0110,E0111,E0112,E0113,E0114,E0115,E0116,E0117,E0118,E0202,E0203,E0211,E0213,E0236,E0237,E0238,E0239,E0240,E0241,E0301,E0302,E0303,E0401,E0402,E0601,E0602,E0603,E0604,E0611,E0632,E0633,E0701,E0702,E0703,E0704,E0710,E0711,E0712,E1003,E1101,E1102,E1111,E1120,E1121,E1123,E1124,E1125,E1126,E1127,E1128,E1129,E1130,E1131,E1132,E1133,E1134,E1135,E1136,E1137,E1138,E1139,E1200,E1201,E1205,E1206,E1300,E1301,E1302,E1303,E1304,E1305,E1306,E1310,E1700,E1701 --msg-template='{line},{column},{category},{symbol}:{msg}' --reports=n --output-format=text ~/shop-install/sample-flask-app/app.py
cwd: ~/
> ~/.venv/bin/python3 ~/.vscode-server/extensions/ms-python.python-2020.11.371526539/pythonFiles/pyvsc-run-isolated.py -c "import pylint"
> ~/.venv/bin/python3 ~/.vscode-server/extensions/ms-python.python-2020.11.371526539/pythonFiles/pyvsc-run-isolated.py -c "import pylint"
> ~/.venv/bin/python3 ~/.vscode-server/extensions/ms-python.python-2020.11.371526539/pythonFiles/pyvsc-run-isolated.py -c "import pylint"
> ~/.venv/bin/python3 ~/.vscode-server/extensions/ms-python.python-2020.11.371526539/pythonFiles/pyvsc-run-isolated.py -c "import pylint"

Linter 'pylint' is not installed. Please install it or select another linter".
Error: Module 'pylint' not installed.
> ~/.venv/bin/python3 ~/.vscode-server/extensions/ms-python.python-2020.11.371526539/pythonFiles/pyvsc-run-isolated.py pylint --disable=all --enable=F,unreachable,duplicate-key,unnecessary-semicolon,global-variable-not-assigned,unused-variable,unused-wildcard-import,binary-op-exception,bad-format-string,anomalous-backslash-in-string,bad-open-mode,E0001,E0011,E0012,E0100,E0101,E0102,E0103,E0104,E0105,E0107,E0108,E0110,E0111,E0112,E0113,E0114,E0115,E0116,E0117,E0118,E0202,E0203,E0211,E0213,E0236,E0237,E0238,E0239,E0240,E0241,E0301,E0302,E0303,E0401,E0402,E0601,E0602,E0603,E0604,E0611,E0632,E0633,E0701,E0702,E0703,E0704,E0710,E0711,E0712,E1003,E1101,E1102,E1111,E1120,E1121,E1123,E1124,E1125,E1126,E1127,E1128,E1129,E1130,E1131,E1132,E1133,E1134,E1135,E1136,E1137,E1138,E1139,E1200,E1201,E1205,E1206,E1300,E1301,E1302,E1303,E1304,E1305,E1306,E1310,E1700,E1701 --msg-template='{line},{column},{category},{symbol}:{msg}' --reports=n --output-format=text ~/student-app/sample-flask-app/app.py
cwd: ~/
> ~/.venv/bin/python3 ~/.vscode-server/extensions/ms-python.python-2020.11.371526539/pythonFiles/pyvsc-run-isolated.py pylint --disable=all --enable=F,unreachable,duplicate-key,unnecessary-semicolon,global-variable-not-assigned,unused-variable,unused-wildcard-import,binary-op-exception,bad-format-string,anomalous-backslash-in-string,bad-open-mode,E0001,E0011,E0012,E0100,E0101,E0102,E0103,E0104,E0105,E0107,E0108,E0110,E0111,E0112,E0113,E0114,E0115,E0116,E0117,E0118,E0202,E0203,E0211,E0213,E0236,E0237,E0238,E0239,E0240,E0241,E0301,E0302,E0303,E0401,E0402,E0601,E0602,E0603,E0604,E0611,E0632,E0633,E0701,E0702,E0703,E0704,E0710,E0711,E0712,E1003,E1101,E1102,E1111,E1120,E1121,E1123,E1124,E1125,E1126,E1127,E1128,E1129,E1130,E1131,E1132,E1133,E1134,E1135,E1136,E1137,E1138,E1139,E1200,E1201,E1205,E1206,E1300,E1301,E1302,E1303,E1304,E1305,E1306,E1310,E1700,E1701 --msg-template='{line},{column},{category},{symbol}:{msg}' --reports=n --output-format=text ~/student-app/sample-flask-app/app.py
cwd: ~/
> ~/.venv/bin/python3 ~/.vscode-server/extensions/ms-python.python-2020.11.371526539/pythonFiles/pyvsc-run-isolated.py -c "import pylint"
> ~/.venv/bin/python3 ~/.vscode-server/extensions/ms-python.python-2020.11.371526539/pythonFiles/pyvsc-run-isolated.py -c "import pylint"
> ~/.venv/bin/python3 ~/.vscode-server/extensions/ms-python.python-2020.11.371526539/pythonFiles/pyvsc-run-isolated.py -c "import pylint"
> ~/.venv/bin/python3 ~/.vscode-server/extensions/ms-python.python-2020.11.371526539/pythonFiles/pyvsc-run-isolated.py -c "import pylint"

Linter 'pylint' is not installed. Please install it or select another linter".
Error: Module 'pylint' not installed.
> ~/.venv/bin/python3 ~/.vscode-server/extensions/ms-python.python-2020.11.371526539/pythonFiles/pyvsc-run-isolated.py pylint --disable=all --enable=F,unreachable,duplicate-key,unnecessary-semicolon,global-variable-not-assigned,unused-variable,unused-wildcard-import,binary-op-exception,bad-format-string,anomalous-backslash-in-string,bad-open-mode,E0001,E0011,E0012,E0100,E0101,E0102,E0103,E0104,E0105,E0107,E0108,E0110,E0111,E0112,E0113,E0114,E0115,E0116,E0117,E0118,E0202,E0203,E0211,E0213,E0236,E0237,E0238,E0239,E0240,E0241,E0301,E0302,E0303,E0401,E0402,E0601,E0602,E0603,E0604,E0611,E0632,E0633,E0701,E0702,E0703,E0704,E0710,E0711,E0712,E1003,E1101,E1102,E1111,E1120,E1121,E1123,E1124,E1125,E1126,E1127,E1128,E1129,E1130,E1131,E1132,E1133,E1134,E1135,E1136,E1137,E1138,E1139,E1200,E1201,E1205,E1206,E1300,E1301,E1302,E1303,E1304,E1305,E1306,E1310,E1700,E1701 --msg-template='{line},{column},{category},{symbol}:{msg}' --reports=n --output-format=text ~/student-app/sample-flask-app/app.py
cwd: ~/
> ~/.venv/bin/python3 ~/.vscode-server/extensions/ms-python.python-2020.11.371526539/pythonFiles/pyvsc-run-isolated.py pylint --disable=all --enable=F,unreachable,duplicate-key,unnecessary-semicolon,global-variable-not-assigned,unused-variable,unused-wildcard-import,binary-op-exception,bad-format-string,anomalous-backslash-in-string,bad-open-mode,E0001,E0011,E0012,E0100,E0101,E0102,E0103,E0104,E0105,E0107,E0108,E0110,E0111,E0112,E0113,E0114,E0115,E0116,E0117,E0118,E0202,E0203,E0211,E0213,E0236,E0237,E0238,E0239,E0240,E0241,E0301,E0302,E0303,E0401,E0402,E0601,E0602,E0603,E0604,E0611,E0632,E0633,E0701,E0702,E0703,E0704,E0710,E0711,E0712,E1003,E1101,E1102,E1111,E1120,E1121,E1123,E1124,E1125,E1126,E1127,E1128,E1129,E1130,E1131,E1132,E1133,E1134,E1135,E1136,E1137,E1138,E1139,E1200,E1201,E1205,E1206,E1300,E1301,E1302,E1303,E1304,E1305,E1306,E1310,E1700,E1701 --msg-template='{line},{column},{category},{symbol}:{msg}' --reports=n --output-format=text ~/student-app/sample-flask-app/app.py
cwd: ~/
> ~/.venv/bin/python3 ~/.vscode-server/extensions/ms-python.python-2020.11.371526539/pythonFiles/pyvsc-run-isolated.py -c "import pylint"
> ~/.venv/bin/python3 ~/.vscode-server/extensions/ms-python.python-2020.11.371526539/pythonFiles/pyvsc-run-isolated.py -c "import pylint"
> ~/.venv/bin/python3 ~/.vscode-server/extensions/ms-python.python-2020.11.371526539/pythonFiles/pyvsc-run-isolated.py -c "import pylint"
> ~/.venv/bin/python3 ~/.vscode-server/extensions/ms-python.python-2020.11.371526539/pythonFiles/pyvsc-run-isolated.py -c "import pylint"

Linter 'pylint' is not installed. Please install it or select another linter".
Error: Module 'pylint' not installed.
> ~/.venv/bin/python3 ~/.vscode-server/extensions/ms-python.python-2020.11.371526539/pythonFiles/pyvsc-run-isolated.py pylint --disable=all --enable=F,unreachable,duplicate-key,unnecessary-semicolon,global-variable-not-assigned,unused-variable,unused-wildcard-import,binary-op-exception,bad-format-string,anomalous-backslash-in-string,bad-open-mode,E0001,E0011,E0012,E0100,E0101,E0102,E0103,E0104,E0105,E0107,E0108,E0110,E0111,E0112,E0113,E0114,E0115,E0116,E0117,E0118,E0202,E0203,E0211,E0213,E0236,E0237,E0238,E0239,E0240,E0241,E0301,E0302,E0303,E0401,E0402,E0601,E0602,E0603,E0604,E0611,E0632,E0633,E0701,E0702,E0703,E0704,E0710,E0711,E0712,E1003,E1101,E1102,E1111,E1120,E1121,E1123,E1124,E1125,E1126,E1127,E1128,E1129,E1130,E1131,E1132,E1133,E1134,E1135,E1136,E1137,E1138,E1139,E1200,E1201,E1205,E1206,E1300,E1301,E1302,E1303,E1304,E1305,E1306,E1310,E1700,E1701 --msg-template='{line},{column},{category},{symbol}:{msg}' --reports=n --output-format=text ~/student-app/sample-flask-app/app.py
cwd: ~/
> ~/.venv/bin/python3 ~/.vscode-server/extensions/ms-python.python-2020.11.371526539/pythonFiles/pyvsc-run-isolated.py pylint --disable=all --enable=F,unreachable,duplicate-key,unnecessary-semicolon,global-variable-not-assigned,unused-variable,unused-wildcard-import,binary-op-exception,bad-format-string,anomalous-backslash-in-string,bad-open-mode,E0001,E0011,E0012,E0100,E0101,E0102,E0103,E0104,E0105,E0107,E0108,E0110,E0111,E0112,E0113,E0114,E0115,E0116,E0117,E0118,E0202,E0203,E0211,E0213,E0236,E0237,E0238,E0239,E0240,E0241,E0301,E0302,E0303,E0401,E0402,E0601,E0602,E0603,E0604,E0611,E0632,E0633,E0701,E0702,E0703,E0704,E0710,E0711,E0712,E1003,E1101,E1102,E1111,E1120,E1121,E1123,E1124,E1125,E1126,E1127,E1128,E1129,E1130,E1131,E1132,E1133,E1134,E1135,E1136,E1137,E1138,E1139,E1200,E1201,E1205,E1206,E1300,E1301,E1302,E1303,E1304,E1305,E1306,E1310,E1700,E1701 --msg-template='{line},{column},{category},{symbol}:{msg}' --reports=n --output-format=text ~/student-app/sample-flask-app/app.py
cwd: ~/
> ~/.venv/bin/python3 ~/.vscode-server/extensions/ms-python.python-2020.11.371526539/pythonFiles/pyvsc-run-isolated.py -c "import pylint"
> ~/.venv/bin/python3 ~/.vscode-server/extensions/ms-python.python-2020.11.371526539/pythonFiles/pyvsc-run-isolated.py -c "import pylint"
> ~/.venv/bin/python3 ~/.vscode-server/extensions/ms-python.python-2020.11.371526539/pythonFiles/pyvsc-run-isolated.py -c "import pylint"
> ~/.venv/bin/python3 ~/.vscode-server/extensions/ms-python.python-2020.11.371526539/pythonFiles/pyvsc-run-isolated.py -c "import pylint"

Linter 'pylint' is not installed. Please install it or select another linter".
Error: Module 'pylint' not installed.
> ~/.venv/bin/python3 ~/.vscode-server/extensions/ms-python.python-2020.11.371526539/pythonFiles/pyvsc-run-isolated.py pylint --disable=all --enable=F,unreachable,duplicate-key,unnecessary-semicolon,global-variable-not-assigned,unused-variable,unused-wildcard-import,binary-op-exception,bad-format-string,anomalous-backslash-in-string,bad-open-mode,E0001,E0011,E0012,E0100,E0101,E0102,E0103,E0104,E0105,E0107,E0108,E0110,E0111,E0112,E0113,E0114,E0115,E0116,E0117,E0118,E0202,E0203,E0211,E0213,E0236,E0237,E0238,E0239,E0240,E0241,E0301,E0302,E0303,E0401,E0402,E0601,E0602,E0603,E0604,E0611,E0632,E0633,E0701,E0702,E0703,E0704,E0710,E0711,E0712,E1003,E1101,E1102,E1111,E1120,E1121,E1123,E1124,E1125,E1126,E1127,E1128,E1129,E1130,E1131,E1132,E1133,E1134,E1135,E1136,E1137,E1138,E1139,E1200,E1201,E1205,E1206,E1300,E1301,E1302,E1303,E1304,E1305,E1306,E1310,E1700,E1701 --msg-template='{line},{column},{category},{symbol}:{msg}' --reports=n --output-format=text ~/student-app/sample-flask-app/app.py
cwd: ~/
> ~/.venv/bin/python3 ~/.vscode-server/extensions/ms-python.python-2020.11.371526539/pythonFiles/pyvsc-run-isolated.py pylint --disable=all --enable=F,unreachable,duplicate-key,unnecessary-semicolon,global-variable-not-assigned,unused-variable,unused-wildcard-import,binary-op-exception,bad-format-string,anomalous-backslash-in-string,bad-open-mode,E0001,E0011,E0012,E0100,E0101,E0102,E0103,E0104,E0105,E0107,E0108,E0110,E0111,E0112,E0113,E0114,E0115,E0116,E0117,E0118,E0202,E0203,E0211,E0213,E0236,E0237,E0238,E0239,E0240,E0241,E0301,E0302,E0303,E0401,E0402,E0601,E0602,E0603,E0604,E0611,E0632,E0633,E0701,E0702,E0703,E0704,E0710,E0711,E0712,E1003,E1101,E1102,E1111,E1120,E1121,E1123,E1124,E1125,E1126,E1127,E1128,E1129,E1130,E1131,E1132,E1133,E1134,E1135,E1136,E1137,E1138,E1139,E1200,E1201,E1205,E1206,E1300,E1301,E1302,E1303,E1304,E1305,E1306,E1310,E1700,E1701 --msg-template='{line},{column},{category},{symbol}:{msg}' --reports=n --output-format=text ~/student-app/sample-flask-app/app.py
cwd: ~/
> ~/.venv/bin/python3 ~/.vscode-server/extensions/ms-python.python-2020.11.371526539/pythonFiles/pyvsc-run-isolated.py -c "import pylint"
> ~/.venv/bin/python3 ~/.vscode-server/extensions/ms-python.python-2020.11.371526539/pythonFiles/pyvsc-run-isolated.py -c "import pylint"
> ~/.venv/bin/python3 ~/.vscode-server/extensions/ms-python.python-2020.11.371526539/pythonFiles/pyvsc-run-isolated.py -c "import pylint"
> ~/.venv/bin/python3 ~/.vscode-server/extensions/ms-python.python-2020.11.371526539/pythonFiles/pyvsc-run-isolated.py -c "import pylint"

Linter 'pylint' is not installed. Please install it or select another linter".
Error: Module 'pylint' not installed.
> ~/.venv/bin/python3 ~/.vscode-server/extensions/ms-python.python-2020.11.371526539/pythonFiles/pyvsc-run-isolated.py pylint --disable=all --enable=F,unreachable,duplicate-key,unnecessary-semicolon,global-variable-not-assigned,unused-variable,unused-wildcard-import,binary-op-exception,bad-format-string,anomalous-backslash-in-string,bad-open-mode,E0001,E0011,E0012,E0100,E0101,E0102,E0103,E0104,E0105,E0107,E0108,E0110,E0111,E0112,E0113,E0114,E0115,E0116,E0117,E0118,E0202,E0203,E0211,E0213,E0236,E0237,E0238,E0239,E0240,E0241,E0301,E0302,E0303,E0401,E0402,E0601,E0602,E0603,E0604,E0611,E0632,E0633,E0701,E0702,E0703,E0704,E0710,E0711,E0712,E1003,E1101,E1102,E1111,E1120,E1121,E1123,E1124,E1125,E1126,E1127,E1128,E1129,E1130,E1131,E1132,E1133,E1134,E1135,E1136,E1137,E1138,E1139,E1200,E1201,E1205,E1206,E1300,E1301,E1302,E1303,E1304,E1305,E1306,E1310,E1700,E1701 --msg-template='{line},{column},{category},{symbol}:{msg}' --reports=n --output-format=text ~/student-app/sample-flask-app/app.py
cwd: ~/
> ~/.venv/bin/python3 ~/.vscode-server/extensions/ms-python.python-2020.11.371526539/pythonFiles/pyvsc-run-isolated.py pylint --disable=all --enable=F,unreachable,duplicate-key,unnecessary-semicolon,global-variable-not-assigned,unused-variable,unused-wildcard-import,binary-op-exception,bad-format-string,anomalous-backslash-in-string,bad-open-mode,E0001,E0011,E0012,E0100,E0101,E0102,E0103,E0104,E0105,E0107,E0108,E0110,E0111,E0112,E0113,E0114,E0115,E0116,E0117,E0118,E0202,E0203,E0211,E0213,E0236,E0237,E0238,E0239,E0240,E0241,E0301,E0302,E0303,E0401,E0402,E0601,E0602,E0603,E0604,E0611,E0632,E0633,E0701,E0702,E0703,E0704,E0710,E0711,E0712,E1003,E1101,E1102,E1111,E1120,E1121,E1123,E1124,E1125,E1126,E1127,E1128,E1129,E1130,E1131,E1132,E1133,E1134,E1135,E1136,E1137,E1138,E1139,E1200,E1201,E1205,E1206,E1300,E1301,E1302,E1303,E1304,E1305,E1306,E1310,E1700,E1701 --msg-template='{line},{column},{category},{symbol}:{msg}' --reports=n --output-format=text ~/student-app/sample-flask-app/app.py
cwd: ~/
> ~/.venv/bin/python3 ~/.vscode-server/extensions/ms-python.python-2020.11.371526539/pythonFiles/pyvsc-run-isolated.py -c "import pylint"
> ~/.venv/bin/python3 ~/.vscode-server/extensions/ms-python.python-2020.11.371526539/pythonFiles/pyvsc-run-isolated.py -c "import pylint"
> ~/.venv/bin/python3 ~/.vscode-server/extensions/ms-python.python-2020.11.371526539/pythonFiles/pyvsc-run-isolated.py -c "import pylint"
> ~/.venv/bin/python3 ~/.vscode-server/extensions/ms-python.python-2020.11.371526539/pythonFiles/pyvsc-run-isolated.py -c "import pylint"

Linter 'pylint' is not installed. Please install it or select another linter".
Error: Module 'pylint' not installed.
> ~/.venv/bin/python3 ~/.vscode-server/extensions/ms-python.python-2020.11.371526539/pythonFiles/pyvsc-run-isolated.py pylint --disable=all --enable=F,unreachable,duplicate-key,unnecessary-semicolon,global-variable-not-assigned,unused-variable,unused-wildcard-import,binary-op-exception,bad-format-string,anomalous-backslash-in-string,bad-open-mode,E0001,E0011,E0012,E0100,E0101,E0102,E0103,E0104,E0105,E0107,E0108,E0110,E0111,E0112,E0113,E0114,E0115,E0116,E0117,E0118,E0202,E0203,E0211,E0213,E0236,E0237,E0238,E0239,E0240,E0241,E0301,E0302,E0303,E0401,E0402,E0601,E0602,E0603,E0604,E0611,E0632,E0633,E0701,E0702,E0703,E0704,E0710,E0711,E0712,E1003,E1101,E1102,E1111,E1120,E1121,E1123,E1124,E1125,E1126,E1127,E1128,E1129,E1130,E1131,E1132,E1133,E1134,E1135,E1136,E1137,E1138,E1139,E1200,E1201,E1205,E1206,E1300,E1301,E1302,E1303,E1304,E1305,E1306,E1310,E1700,E1701 --msg-template='{line},{column},{category},{symbol}:{msg}' --reports=n --output-format=text ~/student-app/sample-flask-app/app.py
cwd: ~/
> ~/.venv/bin/python3 ~/.vscode-server/extensions/ms-python.python-2020.11.371526539/pythonFiles/pyvsc-run-isolated.py pylint --disable=all --enable=F,unreachable,duplicate-key,unnecessary-semicolon,global-variable-not-assigned,unused-variable,unused-wildcard-import,binary-op-exception,bad-format-string,anomalous-backslash-in-string,bad-open-mode,E0001,E0011,E0012,E0100,E0101,E0102,E0103,E0104,E0105,E0107,E0108,E0110,E0111,E0112,E0113,E0114,E0115,E0116,E0117,E0118,E0202,E0203,E0211,E0213,E0236,E0237,E0238,E0239,E0240,E0241,E0301,E0302,E0303,E0401,E0402,E0601,E0602,E0603,E0604,E0611,E0632,E0633,E0701,E0702,E0703,E0704,E0710,E0711,E0712,E1003,E1101,E1102,E1111,E1120,E1121,E1123,E1124,E1125,E1126,E1127,E1128,E1129,E1130,E1131,E1132,E1133,E1134,E1135,E1136,E1137,E1138,E1139,E1200,E1201,E1205,E1206,E1300,E1301,E1302,E1303,E1304,E1305,E1306,E1310,E1700,E1701 --msg-template='{line},{column},{category},{symbol}:{msg}' --reports=n --output-format=text ~/student-app/sample-flask-app/app.py
cwd: ~/
> ~/.venv/bin/python3 ~/.vscode-server/extensions/ms-python.python-2020.11.371526539/pythonFiles/pyvsc-run-isolated.py -c "import pylint"
> ~/.venv/bin/python3 ~/.vscode-server/extensions/ms-python.python-2020.11.371526539/pythonFiles/pyvsc-run-isolated.py -c "import pylint"
> ~/.venv/bin/python3 ~/.vscode-server/extensions/ms-python.python-2020.11.371526539/pythonFiles/pyvsc-run-isolated.py -c "import pylint"
> ~/.venv/bin/python3 ~/.vscode-server/extensions/ms-python.python-2020.11.371526539/pythonFiles/pyvsc-run-isolated.py -c "import pylint"

Linter 'pylint' is not installed. Please install it or select another linter".
Error: Module 'pylint' not installed.
> ~/.venv/bin/python3 ~/.vscode-server/extensions/ms-python.python-2020.11.371526539/pythonFiles/pyvsc-run-isolated.py pylint --disable=all --enable=F,unreachable,duplicate-key,unnecessary-semicolon,global-variable-not-assigned,unused-variable,unused-wildcard-import,binary-op-exception,bad-format-string,anomalous-backslash-in-string,bad-open-mode,E0001,E0011,E0012,E0100,E0101,E0102,E0103,E0104,E0105,E0107,E0108,E0110,E0111,E0112,E0113,E0114,E0115,E0116,E0117,E0118,E0202,E0203,E0211,E0213,E0236,E0237,E0238,E0239,E0240,E0241,E0301,E0302,E0303,E0401,E0402,E0601,E0602,E0603,E0604,E0611,E0632,E0633,E0701,E0702,E0703,E0704,E0710,E0711,E0712,E1003,E1101,E1102,E1111,E1120,E1121,E1123,E1124,E1125,E1126,E1127,E1128,E1129,E1130,E1131,E1132,E1133,E1134,E1135,E1136,E1137,E1138,E1139,E1200,E1201,E1205,E1206,E1300,E1301,E1302,E1303,E1304,E1305,E1306,E1310,E1700,E1701 --msg-template='{line},{column},{category},{symbol}:{msg}' --reports=n --output-format=text ~/student-app/sample-flask-app/app.py
cwd: ~/
> ~/.venv/bin/python3 ~/.vscode-server/extensions/ms-python.python-2020.11.371526539/pythonFiles/pyvsc-run-isolated.py pylint --disable=all --enable=F,unreachable,duplicate-key,unnecessary-semicolon,global-variable-not-assigned,unused-variable,unused-wildcard-import,binary-op-exception,bad-format-string,anomalous-backslash-in-string,bad-open-mode,E0001,E0011,E0012,E0100,E0101,E0102,E0103,E0104,E0105,E0107,E0108,E0110,E0111,E0112,E0113,E0114,E0115,E0116,E0117,E0118,E0202,E0203,E0211,E0213,E0236,E0237,E0238,E0239,E0240,E0241,E0301,E0302,E0303,E0401,E0402,E0601,E0602,E0603,E0604,E0611,E0632,E0633,E0701,E0702,E0703,E0704,E0710,E0711,E0712,E1003,E1101,E1102,E1111,E1120,E1121,E1123,E1124,E1125,E1126,E1127,E1128,E1129,E1130,E1131,E1132,E1133,E1134,E1135,E1136,E1137,E1138,E1139,E1200,E1201,E1205,E1206,E1300,E1301,E1302,E1303,E1304,E1305,E1306,E1310,E1700,E1701 --msg-template='{line},{column},{category},{symbol}:{msg}' --reports=n --output-format=text ~/student-app/sample-flask-app/app.py
cwd: ~/
> ~/.venv/bin/python3 ~/.vscode-server/extensions/ms-python.python-2020.11.371526539/pythonFiles/pyvsc-run-isolated.py -c "import pylint"
> ~/.venv/bin/python3 ~/.vscode-server/extensions/ms-python.python-2020.11.371526539/pythonFiles/pyvsc-run-isolated.py -c "import pylint"
> ~/.venv/bin/python3 ~/.vscode-server/extensions/ms-python.python-2020.11.371526539/pythonFiles/pyvsc-run-isolated.py -c "import pylint"
> ~/.venv/bin/python3 ~/.vscode-server/extensions/ms-python.python-2020.11.371526539/pythonFiles/pyvsc-run-isolated.py -c "import pylint"

Linter 'pylint' is not installed. Please install it or select another linter".
Error: Module 'pylint' not installed.
> ~/.venv/bin/python3 ~/.vscode-server/extensions/ms-python.python-2020.11.371526539/pythonFiles/pyvsc-run-isolated.py pylint --disable=all --enable=F,unreachable,duplicate-key,unnecessary-semicolon,global-variable-not-assigned,unused-variable,unused-wildcard-import,binary-op-exception,bad-format-string,anomalous-backslash-in-string,bad-open-mode,E0001,E0011,E0012,E0100,E0101,E0102,E0103,E0104,E0105,E0107,E0108,E0110,E0111,E0112,E0113,E0114,E0115,E0116,E0117,E0118,E0202,E0203,E0211,E0213,E0236,E0237,E0238,E0239,E0240,E0241,E0301,E0302,E0303,E0401,E0402,E0601,E0602,E0603,E0604,E0611,E0632,E0633,E0701,E0702,E0703,E0704,E0710,E0711,E0712,E1003,E1101,E1102,E1111,E1120,E1121,E1123,E1124,E1125,E1126,E1127,E1128,E1129,E1130,E1131,E1132,E1133,E1134,E1135,E1136,E1137,E1138,E1139,E1200,E1201,E1205,E1206,E1300,E1301,E1302,E1303,E1304,E1305,E1306,E1310,E1700,E1701 --msg-template='{line},{column},{category},{symbol}:{msg}' --reports=n --output-format=text ~/student-app/sample-flask-app/app.py
cwd: ~/
> ~/.venv/bin/python3 ~/.vscode-server/extensions/ms-python.python-2020.11.371526539/pythonFiles/pyvsc-run-isolated.py pylint --disable=all --enable=F,unreachable,duplicate-key,unnecessary-semicolon,global-variable-not-assigned,unused-variable,unused-wildcard-import,binary-op-exception,bad-format-string,anomalous-backslash-in-string,bad-open-mode,E0001,E0011,E0012,E0100,E0101,E0102,E0103,E0104,E0105,E0107,E0108,E0110,E0111,E0112,E0113,E0114,E0115,E0116,E0117,E0118,E0202,E0203,E0211,E0213,E0236,E0237,E0238,E0239,E0240,E0241,E0301,E0302,E0303,E0401,E0402,E0601,E0602,E0603,E0604,E0611,E0632,E0633,E0701,E0702,E0703,E0704,E0710,E0711,E0712,E1003,E1101,E1102,E1111,E1120,E1121,E1123,E1124,E1125,E1126,E1127,E1128,E1129,E1130,E1131,E1132,E1133,E1134,E1135,E1136,E1137,E1138,E1139,E1200,E1201,E1205,E1206,E1300,E1301,E1302,E1303,E1304,E1305,E1306,E1310,E1700,E1701 --msg-template='{line},{column},{category},{symbol}:{msg}' --reports=n --output-format=text ~/student-app/sample-flask-app/app.py
cwd: ~/
> ~/.venv/bin/python3 ~/.vscode-server/extensions/ms-python.python-2020.11.371526539/pythonFiles/pyvsc-run-isolated.py -c "import pylint"
> ~/.venv/bin/python3 ~/.vscode-server/extensions/ms-python.python-2020.11.371526539/pythonFiles/pyvsc-run-isolated.py -c "import pylint"
> ~/.venv/bin/python3 ~/.vscode-server/extensions/ms-python.python-2020.11.371526539/pythonFiles/pyvsc-run-isolated.py -c "import pylint"
> ~/.venv/bin/python3 ~/.vscode-server/extensions/ms-python.python-2020.11.371526539/pythonFiles/pyvsc-run-isolated.py -c "import pylint"

Linter 'pylint' is not installed. Please install it or select another linter".
Error: Module 'pylint' not installed.
Error 2020-12-03 17:25:29: stderr jediProxy Error (stderr) /home/201739/.vscode-server/extensions/ms-python.python-2020.11.371526539/pythonFiles/completion.py:603: DeprecationWarning: Deprecated since version 0.16.0. Use Script(...).goto instead.
  script.goto_assignments(follow_imports=True), request["id"]

> ~/.venv/bin/python3 ~/.vscode-server/extensions/ms-python.python-2020.11.371526539/pythonFiles/pyvsc-run-isolated.py pylint --disable=all --enable=F,unreachable,duplicate-key,unnecessary-semicolon,global-variable-not-assigned,unused-variable,unused-wildcard-import,binary-op-exception,bad-format-string,anomalous-backslash-in-string,bad-open-mode,E0001,E0011,E0012,E0100,E0101,E0102,E0103,E0104,E0105,E0107,E0108,E0110,E0111,E0112,E0113,E0114,E0115,E0116,E0117,E0118,E0202,E0203,E0211,E0213,E0236,E0237,E0238,E0239,E0240,E0241,E0301,E0302,E0303,E0401,E0402,E0601,E0602,E0603,E0604,E0611,E0632,E0633,E0701,E0702,E0703,E0704,E0710,E0711,E0712,E1003,E1101,E1102,E1111,E1120,E1121,E1123,E1124,E1125,E1126,E1127,E1128,E1129,E1130,E1131,E1132,E1133,E1134,E1135,E1136,E1137,E1138,E1139,E1200,E1201,E1205,E1206,E1300,E1301,E1302,E1303,E1304,E1305,E1306,E1310,E1700,E1701 --msg-template='{line},{column},{category},{symbol}:{msg}' --reports=n --output-format=text ~/student-app/sample-flask-app/app.py
cwd: ~/
> ~/.venv/bin/python3 ~/.vscode-server/extensions/ms-python.python-2020.11.371526539/pythonFiles/pyvsc-run-isolated.py pylint --disable=all --enable=F,unreachable,duplicate-key,unnecessary-semicolon,global-variable-not-assigned,unused-variable,unused-wildcard-import,binary-op-exception,bad-format-string,anomalous-backslash-in-string,bad-open-mode,E0001,E0011,E0012,E0100,E0101,E0102,E0103,E0104,E0105,E0107,E0108,E0110,E0111,E0112,E0113,E0114,E0115,E0116,E0117,E0118,E0202,E0203,E0211,E0213,E0236,E0237,E0238,E0239,E0240,E0241,E0301,E0302,E0303,E0401,E0402,E0601,E0602,E0603,E0604,E0611,E0632,E0633,E0701,E0702,E0703,E0704,E0710,E0711,E0712,E1003,E1101,E1102,E1111,E1120,E1121,E1123,E1124,E1125,E1126,E1127,E1128,E1129,E1130,E1131,E1132,E1133,E1134,E1135,E1136,E1137,E1138,E1139,E1200,E1201,E1205,E1206,E1300,E1301,E1302,E1303,E1304,E1305,E1306,E1310,E1700,E1701 --msg-template='{line},{column},{category},{symbol}:{msg}' --reports=n --output-format=text ~/student-app/sample-flask-app/app.py
cwd: ~/
> ~/.venv/bin/python3 ~/.vscode-server/extensions/ms-python.python-2020.11.371526539/pythonFiles/pyvsc-run-isolated.py -c "import pylint"
> ~/.venv/bin/python3 ~/.vscode-server/extensions/ms-python.python-2020.11.371526539/pythonFiles/pyvsc-run-isolated.py -c "import pylint"
> ~/.venv/bin/python3 ~/.vscode-server/extensions/ms-python.python-2020.11.371526539/pythonFiles/pyvsc-run-isolated.py -c "import pylint"
> ~/.venv/bin/python3 ~/.vscode-server/extensions/ms-python.python-2020.11.371526539/pythonFiles/pyvsc-run-isolated.py -c "import pylint"

Linter 'pylint' is not installed. Please install it or select another linter".
Error: Module 'pylint' not installed.
