[2020-12-02 16:47:39.683] [exthost] [info] extension host started
[2020-12-02 16:47:40.120] [exthost] [info] ExtensionService#_doActivateExtension vscode.debug-auto-launch {"startup":true,"extensionId":{"value":"vscode.debug-auto-launch","_lower":"vscode.debug-auto-launch"},"activationEvent":"*"}
[2020-12-02 16:47:40.120] [exthost] [info] ExtensionService#loadCommonJSModule file:///home/201739/.vscode-server/bin/e5a624b788d92b8d34d1392e4c4d9789406efe8f/extensions/debug-auto-launch/dist/extension
[2020-12-02 16:47:40.129] [exthost] [info] ExtensionService#_doActivateExtension vscode.emmet {"startup":true,"extensionId":{"value":"vscode.emmet","_lower":"vscode.emmet"},"activationEvent":"*"}
[2020-12-02 16:47:40.129] [exthost] [info] ExtensionService#loadCommonJSModule file:///home/201739/.vscode-server/bin/e5a624b788d92b8d34d1392e4c4d9789406efe8f/extensions/emmet/dist/node/emmetNodeMain
[2020-12-02 16:47:40.160] [exthost] [info] ExtensionService#_doActivateExtension vscode.git {"startup":true,"extensionId":{"value":"vscode.github","_lower":"vscode.github"},"activationEvent":"*"}
[2020-12-02 16:47:40.160] [exthost] [info] ExtensionService#loadCommonJSModule file:///home/201739/.vscode-server/bin/e5a624b788d92b8d34d1392e4c4d9789406efe8f/extensions/git/dist/main
[2020-12-02 16:47:40.209] [exthost] [info] ExtensionService#_doActivateExtension vscode.merge-conflict {"startup":true,"extensionId":{"value":"vscode.merge-conflict","_lower":"vscode.merge-conflict"},"activationEvent":"*"}
[2020-12-02 16:47:40.209] [exthost] [info] ExtensionService#loadCommonJSModule file:///home/201739/.vscode-server/bin/e5a624b788d92b8d34d1392e4c4d9789406efe8f/extensions/merge-conflict/dist/mergeConflictMain
[2020-12-02 16:47:40.213] [exthost] [info] ExtensionService#_doActivateExtension vscode.search-result {"startup":true,"extensionId":{"value":"vscode.search-result","_lower":"vscode.search-result"},"activationEvent":"*"}
[2020-12-02 16:47:40.213] [exthost] [info] ExtensionService#loadCommonJSModule file:///home/201739/.vscode-server/bin/e5a624b788d92b8d34d1392e4c4d9789406efe8f/extensions/search-result/dist/extension.js
[2020-12-02 16:47:40.755] [exthost] [info] ExtensionService#_doActivateExtension vscode.github {"startup":true,"extensionId":{"value":"vscode.github","_lower":"vscode.github"},"activationEvent":"*"}
[2020-12-02 16:47:40.755] [exthost] [info] ExtensionService#loadCommonJSModule file:///home/201739/.vscode-server/bin/e5a624b788d92b8d34d1392e4c4d9789406efe8f/extensions/github/dist/extension.js
[2020-12-02 16:47:40.852] [exthost] [info] eager extensions activated
[2020-12-02 16:47:40.877] [exthost] [info] ExtensionService#_doActivateExtension ms-vscode.js-debug {"startup":false,"extensionId":{"value":"ms-vscode.js-debug","_lower":"ms-vscode.js-debug"},"activationEvent":"onCommand:extension.js-debug.clearAutoAttachVariables"}
[2020-12-02 16:47:40.877] [exthost] [info] ExtensionService#loadCommonJSModule file:///home/201739/.vscode-server/bin/e5a624b788d92b8d34d1392e4c4d9789406efe8f/extensions/ms-vscode.js-debug/src/extension.js
[2020-12-02 16:48:22.501] [exthost] [info] ExtensionService#_doActivateExtension vscode.extension-editing {"startup":false,"extensionId":{"value":"vscode.extension-editing","_lower":"vscode.extension-editing"},"activationEvent":"onLanguage:markdown"}
[2020-12-02 16:48:22.501] [exthost] [info] ExtensionService#loadCommonJSModule file:///home/201739/.vscode-server/bin/e5a624b788d92b8d34d1392e4c4d9789406efe8f/extensions/extension-editing/dist/extensionEditingMain
[2020-12-02 16:48:22.513] [exthost] [info] ExtensionService#_doActivateExtension vscode.markdown-language-features {"startup":false,"extensionId":{"value":"vscode.markdown-language-features","_lower":"vscode.markdown-language-features"},"activationEvent":"onLanguage:markdown"}
[2020-12-02 16:48:22.513] [exthost] [info] ExtensionService#loadCommonJSModule file:///home/201739/.vscode-server/bin/e5a624b788d92b8d34d1392e4c4d9789406efe8f/extensions/markdown-language-features/dist/extension
[2020-12-02 21:08:33.777] [exthost] [info] ExtensionService#_doActivateExtension vscode.php-language-features {"startup":false,"extensionId":{"value":"vscode.php-language-features","_lower":"vscode.php-language-features"},"activationEvent":"onLanguage:php"}
[2020-12-02 21:08:33.777] [exthost] [info] ExtensionService#loadCommonJSModule file:///home/201739/.vscode-server/bin/e5a624b788d92b8d34d1392e4c4d9789406efe8f/extensions/php-language-features/dist/phpMain
