[2020-12-02 16:44:42.696] [exthost] [info] extension host started
[2020-12-02 16:44:43.175] [exthost] [info] ExtensionService#_doActivateExtension vscode.configuration-editing {"startup":false,"extensionId":{"value":"vscode.configuration-editing","_lower":"vscode.configuration-editing"},"activationEvent":"onLanguage:jsonc"}
[2020-12-02 16:44:43.176] [exthost] [info] ExtensionService#loadCommonJSModule file:///home/201739/.vscode-server/bin/e5a624b788d92b8d34d1392e4c4d9789406efe8f/extensions/configuration-editing/dist/configurationEditingMain
[2020-12-02 16:44:43.186] [exthost] [info] ExtensionService#_doActivateExtension vscode.json-language-features {"startup":false,"extensionId":{"value":"vscode.json-language-features","_lower":"vscode.json-language-features"},"activationEvent":"onLanguage:jsonc"}
[2020-12-02 16:44:43.186] [exthost] [info] ExtensionService#loadCommonJSModule file:///home/201739/.vscode-server/bin/e5a624b788d92b8d34d1392e4c4d9789406efe8f/extensions/json-language-features/client/dist/node/jsonClientMain
[2020-12-02 16:44:43.222] [exthost] [info] ExtensionService#_doActivateExtension vscode.typescript-language-features {"startup":false,"extensionId":{"value":"vscode.typescript-language-features","_lower":"vscode.typescript-language-features"},"activationEvent":"onLanguage:jsonc"}
[2020-12-02 16:44:43.222] [exthost] [info] ExtensionService#loadCommonJSModule file:///home/201739/.vscode-server/bin/e5a624b788d92b8d34d1392e4c4d9789406efe8f/extensions/typescript-language-features/dist/extension
[2020-12-02 16:44:43.251] [exthost] [info] ExtensionService#_doActivateExtension vscode.debug-auto-launch {"startup":true,"extensionId":{"value":"vscode.debug-auto-launch","_lower":"vscode.debug-auto-launch"},"activationEvent":"*"}
[2020-12-02 16:44:43.251] [exthost] [info] ExtensionService#loadCommonJSModule file:///home/201739/.vscode-server/bin/e5a624b788d92b8d34d1392e4c4d9789406efe8f/extensions/debug-auto-launch/dist/extension
[2020-12-02 16:44:43.254] [exthost] [info] ExtensionService#_doActivateExtension vscode.emmet {"startup":true,"extensionId":{"value":"vscode.emmet","_lower":"vscode.emmet"},"activationEvent":"*"}
[2020-12-02 16:44:43.254] [exthost] [info] ExtensionService#loadCommonJSModule file:///home/201739/.vscode-server/bin/e5a624b788d92b8d34d1392e4c4d9789406efe8f/extensions/emmet/dist/node/emmetNodeMain
[2020-12-02 16:44:43.285] [exthost] [info] ExtensionService#_doActivateExtension vscode.git {"startup":true,"extensionId":{"value":"vscode.github","_lower":"vscode.github"},"activationEvent":"*"}
[2020-12-02 16:44:43.285] [exthost] [info] ExtensionService#loadCommonJSModule file:///home/201739/.vscode-server/bin/e5a624b788d92b8d34d1392e4c4d9789406efe8f/extensions/git/dist/main
[2020-12-02 16:44:43.333] [exthost] [info] ExtensionService#_doActivateExtension vscode.merge-conflict {"startup":true,"extensionId":{"value":"vscode.merge-conflict","_lower":"vscode.merge-conflict"},"activationEvent":"*"}
[2020-12-02 16:44:43.333] [exthost] [info] ExtensionService#loadCommonJSModule file:///home/201739/.vscode-server/bin/e5a624b788d92b8d34d1392e4c4d9789406efe8f/extensions/merge-conflict/dist/mergeConflictMain
[2020-12-02 16:44:43.337] [exthost] [info] ExtensionService#_doActivateExtension vscode.search-result {"startup":true,"extensionId":{"value":"vscode.search-result","_lower":"vscode.search-result"},"activationEvent":"*"}
[2020-12-02 16:44:43.337] [exthost] [info] ExtensionService#loadCommonJSModule file:///home/201739/.vscode-server/bin/e5a624b788d92b8d34d1392e4c4d9789406efe8f/extensions/search-result/dist/extension.js
[2020-12-02 16:44:43.506] [exthost] [info] ExtensionService#_doActivateExtension vscode.github {"startup":true,"extensionId":{"value":"vscode.github","_lower":"vscode.github"},"activationEvent":"*"}
[2020-12-02 16:44:43.506] [exthost] [info] ExtensionService#loadCommonJSModule file:///home/201739/.vscode-server/bin/e5a624b788d92b8d34d1392e4c4d9789406efe8f/extensions/github/dist/extension.js
[2020-12-02 16:44:43.595] [exthost] [info] eager extensions activated
[2020-12-02 16:44:43.601] [exthost] [info] ExtensionService#_doActivateExtension ms-vscode.js-debug {"startup":false,"extensionId":{"value":"ms-vscode.js-debug","_lower":"ms-vscode.js-debug"},"activationEvent":"onCommand:extension.js-debug.clearAutoAttachVariables"}
[2020-12-02 16:44:43.601] [exthost] [info] ExtensionService#loadCommonJSModule file:///home/201739/.vscode-server/bin/e5a624b788d92b8d34d1392e4c4d9789406efe8f/extensions/ms-vscode.js-debug/src/extension.js
