[2020-12-03 10:09:08.780] [exthost] [info] extension host started
[2020-12-03 10:09:09.541] [exthost] [info] ExtensionService#_doActivateExtension vscode.debug-auto-launch {"startup":true,"extensionId":{"value":"vscode.debug-auto-launch","_lower":"vscode.debug-auto-launch"},"activationEvent":"*"}
[2020-12-03 10:09:09.545] [exthost] [info] ExtensionService#loadCommonJSModule file:///home/201739/.vscode-server/bin/e5a624b788d92b8d34d1392e4c4d9789406efe8f/extensions/debug-auto-launch/dist/extension
[2020-12-03 10:09:09.551] [exthost] [info] ExtensionService#_doActivateExtension vscode.emmet {"startup":true,"extensionId":{"value":"vscode.emmet","_lower":"vscode.emmet"},"activationEvent":"*"}
[2020-12-03 10:09:09.551] [exthost] [info] ExtensionService#loadCommonJSModule file:///home/201739/.vscode-server/bin/e5a624b788d92b8d34d1392e4c4d9789406efe8f/extensions/emmet/dist/node/emmetNodeMain
[2020-12-03 10:09:09.581] [exthost] [info] ExtensionService#_doActivateExtension vscode.git {"startup":true,"extensionId":{"value":"vscode.github","_lower":"vscode.github"},"activationEvent":"*"}
[2020-12-03 10:09:09.582] [exthost] [info] ExtensionService#loadCommonJSModule file:///home/201739/.vscode-server/bin/e5a624b788d92b8d34d1392e4c4d9789406efe8f/extensions/git/dist/main
[2020-12-03 10:09:09.631] [exthost] [info] ExtensionService#_doActivateExtension vscode.merge-conflict {"startup":true,"extensionId":{"value":"vscode.merge-conflict","_lower":"vscode.merge-conflict"},"activationEvent":"*"}
[2020-12-03 10:09:09.632] [exthost] [info] ExtensionService#loadCommonJSModule file:///home/201739/.vscode-server/bin/e5a624b788d92b8d34d1392e4c4d9789406efe8f/extensions/merge-conflict/dist/mergeConflictMain
[2020-12-03 10:09:09.635] [exthost] [info] ExtensionService#_doActivateExtension vscode.search-result {"startup":true,"extensionId":{"value":"vscode.search-result","_lower":"vscode.search-result"},"activationEvent":"*"}
[2020-12-03 10:09:09.635] [exthost] [info] ExtensionService#loadCommonJSModule file:///home/201739/.vscode-server/bin/e5a624b788d92b8d34d1392e4c4d9789406efe8f/extensions/search-result/dist/extension.js
[2020-12-03 10:09:09.737] [exthost] [info] ExtensionService#_doActivateExtension vscode.github {"startup":true,"extensionId":{"value":"vscode.github","_lower":"vscode.github"},"activationEvent":"*"}
[2020-12-03 10:09:09.737] [exthost] [info] ExtensionService#loadCommonJSModule file:///home/201739/.vscode-server/bin/e5a624b788d92b8d34d1392e4c4d9789406efe8f/extensions/github/dist/extension.js
[2020-12-03 10:09:10.385] [exthost] [info] eager extensions activated
[2020-12-03 10:09:10.431] [exthost] [info] ExtensionService#_doActivateExtension ms-vscode.js-debug {"startup":false,"extensionId":{"value":"ms-vscode.js-debug","_lower":"ms-vscode.js-debug"},"activationEvent":"onCommand:extension.js-debug.clearAutoAttachVariables"}
[2020-12-03 10:09:10.431] [exthost] [info] ExtensionService#loadCommonJSModule file:///home/201739/.vscode-server/bin/e5a624b788d92b8d34d1392e4c4d9789406efe8f/extensions/ms-vscode.js-debug/src/extension.js
[2020-12-03 10:16:25.403] [exthost] [info] ExtensionService#_doActivateExtension vscode.configuration-editing {"startup":false,"extensionId":{"value":"vscode.configuration-editing","_lower":"vscode.configuration-editing"},"activationEvent":"onLanguage:jsonc"}
[2020-12-03 10:16:25.403] [exthost] [info] ExtensionService#loadCommonJSModule file:///home/201739/.vscode-server/bin/e5a624b788d92b8d34d1392e4c4d9789406efe8f/extensions/configuration-editing/dist/configurationEditingMain
[2020-12-03 10:16:25.408] [exthost] [info] ExtensionService#_doActivateExtension vscode.json-language-features {"startup":false,"extensionId":{"value":"vscode.json-language-features","_lower":"vscode.json-language-features"},"activationEvent":"onLanguage:jsonc"}
[2020-12-03 10:16:25.408] [exthost] [info] ExtensionService#loadCommonJSModule file:///home/201739/.vscode-server/bin/e5a624b788d92b8d34d1392e4c4d9789406efe8f/extensions/json-language-features/client/dist/node/jsonClientMain
[2020-12-03 10:16:25.445] [exthost] [info] ExtensionService#_doActivateExtension vscode.typescript-language-features {"startup":false,"extensionId":{"value":"vscode.typescript-language-features","_lower":"vscode.typescript-language-features"},"activationEvent":"onLanguage:jsonc"}
[2020-12-03 10:16:25.445] [exthost] [info] ExtensionService#loadCommonJSModule file:///home/201739/.vscode-server/bin/e5a624b788d92b8d34d1392e4c4d9789406efe8f/extensions/typescript-language-features/dist/extension
[2020-12-03 10:35:35.939] [exthost] [info] ExtensionService#_doActivateExtension vscode.php-language-features {"startup":false,"extensionId":{"value":"vscode.php-language-features","_lower":"vscode.php-language-features"},"activationEvent":"onLanguage:php"}
[2020-12-03 10:35:35.939] [exthost] [info] ExtensionService#loadCommonJSModule file:///home/201739/.vscode-server/bin/e5a624b788d92b8d34d1392e4c4d9789406efe8f/extensions/php-language-features/dist/phpMain
[2020-12-03 15:55:24.631] [exthost] [info] ExtensionService#_doActivateExtension vscode.extension-editing {"startup":false,"extensionId":{"value":"vscode.extension-editing","_lower":"vscode.extension-editing"},"activationEvent":"onLanguage:markdown"}
[2020-12-03 15:55:24.631] [exthost] [info] ExtensionService#loadCommonJSModule file:///home/201739/.vscode-server/bin/e5a624b788d92b8d34d1392e4c4d9789406efe8f/extensions/extension-editing/dist/extensionEditingMain
[2020-12-03 15:55:24.644] [exthost] [info] ExtensionService#_doActivateExtension vscode.markdown-language-features {"startup":false,"extensionId":{"value":"vscode.markdown-language-features","_lower":"vscode.markdown-language-features"},"activationEvent":"onLanguage:markdown"}
[2020-12-03 15:55:24.644] [exthost] [info] ExtensionService#loadCommonJSModule file:///home/201739/.vscode-server/bin/e5a624b788d92b8d34d1392e4c4d9789406efe8f/extensions/markdown-language-features/dist/extension
[2020-12-03 15:56:58.362] [exthost] [info] ExtensionService#_doActivateExtension ms-toolsai.jupyter {"startup":false,"extensionId":{"value":"ms-toolsai.jupyter","_lower":"ms-toolsai.jupyter"},"activationEvent":"onLanguage:python"}
[2020-12-03 15:56:58.362] [exthost] [info] ExtensionService#loadCommonJSModule file:///home/201739/.vscode-server/extensions/ms-toolsai.jupyter-2020.11.392013122/out/client/extension
[2020-12-03 15:57:01.936] [exthost] [info] ExtensionService#_doActivateExtension ms-python.python {"startup":false,"extensionId":{"value":"ms-python.python","_lower":"ms-python.python"},"activationEvent":"onLanguage:python"}
[2020-12-03 15:57:01.936] [exthost] [info] ExtensionService#loadCommonJSModule file:///home/201739/.vscode-server/extensions/ms-python.python-2020.11.371526539/out/client/extension
[2020-12-03 16:16:54.326] [exthost] [info] ExtensionService#_doActivateExtension vscode.html-language-features {"startup":false,"extensionId":{"value":"vscode.html-language-features","_lower":"vscode.html-language-features"},"activationEvent":"onLanguage:html"}
[2020-12-03 16:16:54.326] [exthost] [info] ExtensionService#loadCommonJSModule file:///home/201739/.vscode-server/bin/e5a624b788d92b8d34d1392e4c4d9789406efe8f/extensions/html-language-features/client/dist/node/htmlClientMain
